<?xml version="1.0" encoding="UTF-8"?>
<testsuite xmlns:xsi="http://www.w3.org/2001/XMLSchema-instance" xsi:noNamespaceSchemaLocation="https://maven.apache.org/surefire/maven-surefire-plugin/xsd/surefire-test-report-3.0.xsd" version="3.0" name="com.example.api.AuthorsApiTest" time="1.309" tests="15" errors="0" skipped="0" failures="0">
  <properties>
[...]
</properties>
  <testcase name="getAllAuthors" classname="com.example.api.AuthorsApiTest" time="0.088"/>
  <testcase name="createAuthor" classname="com.example.api.AuthorsApiTest" time="0.131"/>
  <testcase name="getAuthorById" classname="com.example.api.AuthorsApiTest" time="0.085"/>
  <testcase name="updateAuthor" classname="com.example.api.AuthorsApiTest" time="0.074"/>
  <testcase name="deleteAuthor" classname="com.example.api.AuthorsApiTest" time="0.076"/>
  <testcase name="createAuthorWithSpecialCharacters" classname="com.example.api.AuthorsApiTest" time="0.093"/>
  <testcase name="getAuthorWithInvalidId" classname="com.example.api.AuthorsApiTest" time="0.07"/>
  <testcase name="createAuthorMissingFirstName" classname="com.example.api.AuthorsApiTest" time="0.105"/>
  <testcase name="createAuthorWithEmptyFields" classname="com.example.api.AuthorsApiTest" time="0.086"/>
  <testcase name="createAuthorWithExtraFields" classname="com.example.api.AuthorsApiTest" time="0.083"/>
  <testcase name="createAuthorWithNullFields" classname="com.example.api.AuthorsApiTest" time="0.089"/>
  <testcase name="updateNonExistentAuthor" classname="com.example.api.AuthorsApiTest" time="0.078"/>
  <testcase name="createAuthorWithLongFields" classname="com.example.api.AuthorsApiTest" time="0.085"/>
  <testcase name="createAuthorWithInvalidJson" classname="com.example.api.AuthorsApiTest" time="0.075"/>
  <testcase name="deleteNonExistentAuthor" classname="com.example.api.AuthorsApiTest" time="0.082"/>
</testsuite>